{"meta": {"format": 3, "version": "7.6.1", "timestamp": "2025-01-14T21:12:18.195123", "branch_coverage": false, "show_contexts": false}, "files": {"ratelimit_io/__init__.py": {"executed_lines": [1, 3, 4, 5, 7, 10, 11, 14, 15, 25, 27, 28, 30, 31, 32, 33, 35, 36, 38, 45, 46, 47, 48, 49, 50, 51, 52, 54, 55, 58], "summary": {"covered_lines": 28, "num_statements": 28, "percent_covered": 100.0, "percent_covered_display": "100", "missing_lines": 0, "excluded_lines": 0}, "missing_lines": [], "excluded_lines": [], "functions": {"LimitSpec.__init__": {"executed_lines": [27, 28, 30, 31, 32, 33, 35, 36], "summary": {"covered_lines": 8, "num_statements": 8, "percent_covered": 100.0, "percent_covered_display": "100", "missing_lines": 0, "excluded_lines": 0}, "missing_lines": [], "excluded_lines": []}, "LimitSpec.total_seconds": {"executed_lines": [45, 46, 47, 48, 49, 50, 51, 52], "summary": {"covered_lines": 8, "num_statements": 8, "percent_covered": 100.0, "percent_covered_display": "100", "missing_lines": 0, "excluded_lines": 0}, "missing_lines": [], "excluded_lines": []}, "LimitSpec.__str__": {"executed_lines": [55], "summary": {"covered_lines": 1, "num_statements": 1, "percent_covered": 100.0, "percent_covered_display": "100", "missing_lines": 0, "excluded_lines": 0}, "missing_lines": [], "excluded_lines": []}, "": {"executed_lines": [1, 3, 4, 5, 7, 10, 11, 14, 15, 25, 38, 54, 58], "summary": {"covered_lines": 11, "num_statements": 11, "percent_covered": 100.0, "percent_covered_display": "100", "missing_lines": 0, "excluded_lines": 0}, "missing_lines": [], "excluded_lines": []}}, "classes": {"RatelimitIOError": {"executed_lines": [], "summary": {"covered_lines": 0, "num_statements": 0, "percent_covered": 100.0, "percent_covered_display": "100", "missing_lines": 0, "excluded_lines": 0}, "missing_lines": [], "excluded_lines": []}, "LimitSpec": {"executed_lines": [27, 28, 30, 31, 32, 33, 35, 36, 45, 46, 47, 48, 49, 50, 51, 52, 55], "summary": {"covered_lines": 17, "num_statements": 17, "percent_covered": 100.0, "percent_covered_display": "100", "missing_lines": 0, "excluded_lines": 0}, "missing_lines": [], "excluded_lines": []}, "": {"executed_lines": [1, 3, 4, 5, 7, 10, 11, 14, 15, 25, 38, 54, 58], "summary": {"covered_lines": 11, "num_statements": 11, "percent_covered": 100.0, "percent_covered_display": "100", "missing_lines": 0, "excluded_lines": 0}, "missing_lines": [], "excluded_lines": []}}}, "ratelimit_io/rate_limit.py": {"executed_lines": [1, 2, 3, 4, 5, 6, 7, 8, 11, 12, 15, 16, 26, 39, 55, 59, 62, 63, 65, 74, 75, 77, 78, 79, 81, 96, 97, 99, 110, 111, 112, 113, 114, 118, 120, 121, 122, 123, 127, 129, 132, 134, 136, 137, 139, 141, 143, 145, 146, 148, 150, 152, 172, 174, 175, 176, 178, 179, 182, 183, 185, 202, 204, 205, 206, 208, 209, 212, 213, 215, 229, 230, 232, 237, 243, 251, 253, 255, 257, 268, 269, 276, 277, 278, 280, 281, 282, 283, 290, 291, 299, 311, 312, 319, 320, 322, 323, 324, 331, 336, 346, 348, 350, 351, 352, 354, 356, 357, 358], "summary": {"covered_lines": 106, "num_statements": 137, "percent_covered": 77.37226277372262, "percent_covered_display": "77", "missing_lines": 31, "excluded_lines": 0}, "missing_lines": [28, 29, 31, 32, 33, 34, 36, 37, 46, 47, 48, 49, 50, 51, 52, 53, 56, 115, 116, 124, 125, 180, 210, 254, 292, 294, 295, 296, 297, 332, 334], "excluded_lines": [], "functions": {"LimitSpec.__init__": {"executed_lines": [], "summary": {"covered_lines": 0, "num_statements": 8, "percent_covered": 0.0, "percent_covered_display": "0", "missing_lines": 8, "excluded_lines": 0}, "missing_lines": [28, 29, 31, 32, 33, 34, 36, 37], "excluded_lines": []}, "LimitSpec.total_seconds": {"executed_lines": [], "summary": {"covered_lines": 0, "num_statements": 8, "percent_covered": 0.0, "percent_covered_display": "0", "missing_lines": 8, "excluded_lines": 0}, "missing_lines": [46, 47, 48, 49, 50, 51, 52, 53], "excluded_lines": []}, "LimitSpec.__str__": {"executed_lines": [], "summary": {"covered_lines": 0, "num_statements": 1, "percent_covered": 0.0, "percent_covered_display": "0", "missing_lines": 1, "excluded_lines": 0}, "missing_lines": [56], "excluded_lines": []}, "RatelimitIO.__init__": {"executed_lines": [74, 75, 77, 78, 79, 81, 96, 97], "summary": {"covered_lines": 8, "num_statements": 8, "percent_covered": 100.0, "percent_covered_display": "100", "missing_lines": 0, "excluded_lines": 0}, "missing_lines": [], "excluded_lines": []}, "RatelimitIO.__call__": {"executed_lines": [110, 132], "summary": {"covered_lines": 2, "num_statements": 2, "percent_covered": 100.0, "percent_covered_display": "100", "missing_lines": 0, "excluded_lines": 0}, "missing_lines": [], "excluded_lines": []}, "RatelimitIO.__call__.decorator": {"executed_lines": [111, 120, 129], "summary": {"covered_lines": 3, "num_statements": 3, "percent_covered": 100.0, "percent_covered_display": "100", "missing_lines": 0, "excluded_lines": 0}, "missing_lines": [], "excluded_lines": []}, "RatelimitIO.__call__.decorator.async_wrapper": {"executed_lines": [112, 113, 114, 118], "summary": {"covered_lines": 4, "num_statements": 6, "percent_covered": 66.66666666666667, "percent_covered_display": "67", "missing_lines": 2, "excluded_lines": 0}, "missing_lines": [115, 116], "excluded_lines": []}, "RatelimitIO.__call__.decorator.sync_wrapper": {"executed_lines": [121, 122, 123, 127], "summary": {"covered_lines": 4, "num_statements": 6, "percent_covered": 66.66666666666667, "percent_covered_display": "67", "missing_lines": 2, "excluded_lines": 0}, "missing_lines": [124, 125], "excluded_lines": []}, "RatelimitIO.__enter__": {"executed_lines": [136, 137], "summary": {"covered_lines": 2, "num_statements": 2, "percent_covered": 100.0, "percent_covered_display": "100", "missing_lines": 0, "excluded_lines": 0}, "missing_lines": [], "excluded_lines": []}, "RatelimitIO.__exit__": {"executed_lines": [141], "summary": {"covered_lines": 1, "num_statements": 1, "percent_covered": 100.0, "percent_covered_display": "100", "missing_lines": 0, "excluded_lines": 0}, "missing_lines": [], "excluded_lines": []}, "RatelimitIO.__aenter__": {"executed_lines": [145, 146], "summary": {"covered_lines": 2, "num_statements": 2, "percent_covered": 100.0, "percent_covered_display": "100", "missing_lines": 0, "excluded_lines": 0}, "missing_lines": [], "excluded_lines": []}, "RatelimitIO.__aexit__": {"executed_lines": [150], "summary": {"covered_lines": 1, "num_statements": 1, "percent_covered": 100.0, "percent_covered_display": "100", "missing_lines": 0, "excluded_lines": 0}, "missing_lines": [], "excluded_lines": []}, "RatelimitIO.wait": {"executed_lines": [172, 174, 175, 176, 178, 179, 182, 183], "summary": {"covered_lines": 8, "num_statements": 9, "percent_covered": 88.88888888888889, "percent_covered_display": "89", "missing_lines": 1, "excluded_lines": 0}, "missing_lines": [180], "excluded_lines": []}, "RatelimitIO.a_wait": {"executed_lines": [202, 204, 205, 206, 208, 209, 212, 213], "summary": {"covered_lines": 8, "num_statements": 9, "percent_covered": 88.88888888888889, "percent_covered_display": "89", "missing_lines": 1, "excluded_lines": 0}, "missing_lines": [210], "excluded_lines": []}, "RatelimitIO._prepare_key_and_limit": {"executed_lines": [229, 230, 232, 237, 243, 251, 253, 255], "summary": {"covered_lines": 8, "num_statements": 9, "percent_covered": 88.88888888888889, "percent_covered_display": "89", "missing_lines": 1, "excluded_lines": 0}, "missing_lines": [254], "excluded_lines": []}, "RatelimitIO._enforce_limit_sync": {"executed_lines": [268, 269, 276, 277, 278, 280, 281, 282, 283, 290, 291], "summary": {"covered_lines": 11, "num_statements": 16, "percent_covered": 68.75, "percent_covered_display": "69", "missing_lines": 5, "excluded_lines": 0}, "missing_lines": [292, 294, 295, 296, 297], "excluded_lines": []}, "RatelimitIO._enforce_limit_async": {"executed_lines": [311, 312, 319, 320, 322, 323, 324, 331], "summary": {"covered_lines": 8, "num_statements": 10, "percent_covered": 80.0, "percent_covered_display": "80", "missing_lines": 2, "excluded_lines": 0}, "missing_lines": [332, 334], "excluded_lines": []}, "RatelimitIO._generate_key": {"executed_lines": [346], "summary": {"covered_lines": 1, "num_statements": 1, "percent_covered": 100.0, "percent_covered_display": "100", "missing_lines": 0, "excluded_lines": 0}, "missing_lines": [], "excluded_lines": []}, "RatelimitIO._ensure_script_loaded_sync": {"executed_lines": [350, 351, 352], "summary": {"covered_lines": 3, "num_statements": 3, "percent_covered": 100.0, "percent_covered_display": "100", "missing_lines": 0, "excluded_lines": 0}, "missing_lines": [], "excluded_lines": []}, "RatelimitIO._ensure_script_loaded_async": {"executed_lines": [356, 357, 358], "summary": {"covered_lines": 3, "num_statements": 3, "percent_covered": 100.0, "percent_covered_display": "100", "missing_lines": 0, "excluded_lines": 0}, "missing_lines": [], "excluded_lines": []}, "": {"executed_lines": [1, 2, 3, 4, 5, 6, 7, 8, 11, 12, 15, 16, 26, 39, 55, 59, 62, 63, 65, 99, 134, 139, 143, 148, 152, 185, 215, 257, 299, 336, 348, 354], "summary": {"covered_lines": 29, "num_statements": 29, "percent_covered": 100.0, "percent_covered_display": "100", "missing_lines": 0, "excluded_lines": 0}, "missing_lines": [], "excluded_lines": []}}, "classes": {"RatelimitIOError": {"executed_lines": [], "summary": {"covered_lines": 0, "num_statements": 0, "percent_covered": 100.0, "percent_covered_display": "100", "missing_lines": 0, "excluded_lines": 0}, "missing_lines": [], "excluded_lines": []}, "LimitSpec": {"executed_lines": [], "summary": {"covered_lines": 0, "num_statements": 17, "percent_covered": 0.0, "percent_covered_display": "0", "missing_lines": 17, "excluded_lines": 0}, "missing_lines": [28, 29, 31, 32, 33, 34, 36, 37, 46, 47, 48, 49, 50, 51, 52, 53, 56], "excluded_lines": []}, "RatelimitIO": {"executed_lines": [74, 75, 77, 78, 79, 81, 96, 97, 110, 111, 112, 113, 114, 118, 120, 121, 122, 123, 127, 129, 132, 136, 137, 141, 145, 146, 150, 172, 174, 175, 176, 178, 179, 182, 183, 202, 204, 205, 206, 208, 209, 212, 213, 229, 230, 232, 237, 243, 251, 253, 255, 268, 269, 276, 277, 278, 280, 281, 282, 283, 290, 291, 311, 312, 319, 320, 322, 323, 324, 331, 346, 350, 351, 352, 356, 357, 358], "summary": {"covered_lines": 77, "num_statements": 91, "percent_covered": 84.61538461538461, "percent_covered_display": "85", "missing_lines": 14, "excluded_lines": 0}, "missing_lines": [115, 116, 124, 125, 180, 210, 254, 292, 294, 295, 296, 297, 332, 334], "excluded_lines": []}, "": {"executed_lines": [1, 2, 3, 4, 5, 6, 7, 8, 11, 12, 15, 16, 26, 39, 55, 59, 62, 63, 65, 99, 134, 139, 143, 148, 152, 185, 215, 257, 299, 336, 348, 354], "summary": {"covered_lines": 29, "num_statements": 29, "percent_covered": 100.0, "percent_covered_display": "100", "missing_lines": 0, "excluded_lines": 0}, "missing_lines": [], "excluded_lines": []}}}}, "totals": {"covered_lines": 134, "num_statements": 165, "percent_covered": 81.21212121212122, "percent_covered_display": "81", "missing_lines": 31, "excluded_lines": 0}}
